2025-01-22 12:46:34.981 CET [26623] LOG:  starting PostgreSQL 17.2 (Postgres.app) on aarch64-apple-darwin23.6.0, compiled by Apple clang version 15.0.0 (clang-1500.3.9.4), 64-bit
2025-01-22 12:46:34.982 CET [26623] LOG:  listening on IPv6 address "::1", port 5432
2025-01-22 12:46:34.982 CET [26623] LOG:  listening on IPv4 address "127.0.0.1", port 5432
2025-01-22 12:46:34.982 CET [26623] LOG:  listening on Unix socket "/tmp/.s.PGSQL.5432"
2025-01-22 12:46:34.984 CET [26626] LOG:  database system was shut down at 2025-01-22 12:46:34 CET
2025-01-22 12:46:34.985 CET [26623] LOG:  database system is ready to accept connections
2025-01-22 12:51:34.988 CET [26624] LOG:  checkpoint starting: time
2025-01-22 12:53:14.431 CET [26624] LOG:  checkpoint complete: wrote 987 buffers (6.0%); 0 WAL file(s) added, 0 removed, 0 recycled; write=99.422 s, sync=0.014 s, total=99.443 s; sync files=317, longest=0.001 s, average=0.001 s; distance=4592 kB, estimate=4592 kB; lsn=0/1983D98, redo lsn=0/1983D08
2025-01-22 12:56:34.338 CET [27004] ERROR:  syntax error at or near "Date" at character 141
2025-01-22 12:56:34.338 CET [27004] STATEMENT:  create table insects(
	InsectType varchar(255),
	CardID varchar(10),
	Location1 varchar(10),
	Location2 carchar(10),
	Count INT,
	Accuracy Double
	Date date,
	primary key (InsectType,CardID)
	);
2025-01-22 12:58:34.014 CET [27004] ERROR:  syntax error at or near "Date" at character 141
2025-01-22 12:58:34.014 CET [27004] STATEMENT:  create table insects(
	InsectType varchar(255),
	CardID varchar(10),
	Location1 varchar(10),
	Location2 carchar(10),
	Count INT,
	Accuracy Double
	Date DATE,
	primary key (InsectType,CardID));
2025-01-22 12:59:28.288 CET [27004] ERROR:  type "carchar" does not exist at character 101
2025-01-22 12:59:28.288 CET [27004] STATEMENT:  create table insects(
	InsectType varchar(255),
	CardID varchar(10),
	Location1 varchar(10),
	Location2 carchar(10),
	Count INT,
	Accuracy Double,
	Date DATE,
	primary key (InsectType,CardID));
2025-01-22 12:59:43.045 CET [27004] ERROR:  type "double" does not exist at character 134
2025-01-22 12:59:43.045 CET [27004] STATEMENT:  create table insects(
	InsectType varchar(255),
	CardID varchar(10),
	Location1 varchar(10),
	Location2 varchar(10),
	Count INT,
	Accuracy Double,
	Date DATE,
	primary key (InsectType,CardID));
2025-01-22 13:01:34.441 CET [26624] LOG:  checkpoint starting: time
2025-01-22 13:01:38.613 CET [26624] LOG:  checkpoint complete: wrote 42 buffers (0.3%); 0 WAL file(s) added, 0 removed, 0 recycled; write=4.164 s, sync=0.004 s, total=4.173 s; sync files=35, longest=0.001 s, average=0.001 s; distance=144 kB, estimate=4147 kB; lsn=0/19A7F10, redo lsn=0/19A7E80
2025-01-22 13:15:19.851 CET [27004] ERROR:  syntax error at or near "INSERT" at character 147
2025-01-22 13:15:19.851 CET [27004] STATEMENT:  INSERT INTO insects (InsectType, CardID, Location1, Location2, Count, Accuracy, Date) VALUES ('insect1','AA/01/01','01','01',6,0.58,'01-13-2025')
	INSERT INTO insects (InsectType, CardID, Location1, Location2, Count, Accuracy, Date) 
	VALUES 
	  ('insect1', 'AA/01/01', '01', '01', 6, 0.58, '01-13-2025'),
	  ('insect2', 'AA/02/02', '02', '02', 8, 0.73, '01-14-2025'),
	  ('insect3', 'AA/03/03', '03', '03', 4, 0.90, '01-15-2025'),
	  ('insect4', 'AA/04/04', '04', '04', 10, 0.85, '01-16-2025'),
	  ('insect2', 'AA/05/05', '05', '05', 12, 0.65, '01-17-2025'),
	  ('insect1', 'AA/06/06', '06', '06', 7, 0.72, '01-18-2025'),
	  ('insect3', 'AA/07/07', '07', '07', 9, 0.77, '01-19-2025'),
	  ('insect4', 'AA/08/08', '08', '08', 15, 0.80, '01-20-2025'),
	  ('insect2', 'AA/03/08', '03', '08', 5, 0.67, '01-21-2025'),
	  ('insect3', 'AA/06/04', '06', '04', 11, 0.88, '01-22-2025');
2025-01-22 13:15:46.537 CET [27004] ERROR:  syntax error at or near "INSERT" at character 147
2025-01-22 13:15:46.537 CET [27004] STATEMENT:  INSERT INTO insects (InsectType, CardID, Location1, Location2, Count, Accuracy, Date) VALUES ('insect1','AA/01/01','01','01',6,0.58,'01-13-2025')
	INSERT INTO insects (InsectType, CardID, Location1, Location2, Count, Accuracy, Date) 
	VALUES 
	  ('insect1', 'AA/01/01', '01', '01', 6, 0.58, '01-13-2025'),
	  ('insect2', 'AA/02/02', '02', '02', 8, 0.73, '01-14-2025'),
	  ('insect3', 'AA/03/03', '03', '03', 4, 0.90, '01-15-2025'),
	  ('insect4', 'AA/04/04', '04', '04', 10, 0.85, '01-16-2025'),
	  ('insect2', 'AA/05/05', '05', '05', 12, 0.65, '01-17-2025'),
	  ('insect1', 'AA/06/06', '06', '06', 7, 0.72, '01-18-2025'),
	  ('insect3', 'AA/07/07', '07', '07', 9, 0.77, '01-19-2025'),
	  ('insect4', 'AA/08/08', '08', '08', 15, 0.80, '01-20-2025'),
	  ('insect2', 'AA/03/08', '03', '08', 5, 0.67, '01-21-2025'),
	  ('insect3', 'AA/06/04', '06', '04', 11, 0.88, '01-22-2025');
2025-01-22 13:16:10.965 CET [27004] ERROR:  duplicate key value violates unique constraint "insects_pkey"
2025-01-22 13:16:10.965 CET [27004] DETAIL:  Key (insecttype, cardid)=(insect1, AA/01/01) already exists.
2025-01-22 13:16:10.965 CET [27004] STATEMENT:  INSERT INTO insects (InsectType, CardID, Location1, Location2, Count, Accuracy, Date) 
	VALUES ('insect1', 'AA/01/01', '01', '01', 6, 0.58, '01-13-2025');
2025-01-22 13:16:26.630 CET [27004] ERROR:  syntax error at or near "INSERT" at character 147
2025-01-22 13:16:26.630 CET [27004] STATEMENT:  INSERT INTO insects (InsectType, CardID, Location1, Location2, Count, Accuracy, Date) VALUES ('insect1','AA/01/01','01','01',6,0.58,'01-13-2025')
	INSERT INTO insects (InsectType, CardID, Location1, Location2, Count, Accuracy, Date) 
	VALUES 
	  ('insect1', 'AA/01/01', '01', '01', 6, 0.58, '01-13-2025'),
	  ('insect2', 'AA/02/02', '02', '02', 8, 0.73, '01-14-2025'),
	  ('insect3', 'AA/03/03', '03', '03', 4, 0.90, '01-15-2025'),
	  ('insect4', 'AA/04/04', '04', '04', 10, 0.85, '01-16-2025'),
	  ('insect2', 'AA/05/05', '05', '05', 12, 0.65, '01-17-2025'),
	  ('insect1', 'AA/06/06', '06', '06', 7, 0.72, '01-18-2025'),
	  ('insect3', 'AA/07/07', '07', '07', 9, 0.77, '01-19-2025'),
	  ('insect4', 'AA/08/08', '08', '08', 15, 0.80, '01-20-2025'),
	  ('insect2', 'AA/03/08', '03', '08', 5, 0.67, '01-21-2025'),
	  ('insect3', 'AA/06/04', '06', '04', 11, 0.88, '01-22-2025');
2025-01-22 13:16:34.601 CET [26624] LOG:  checkpoint starting: time
2025-01-22 13:16:35.013 CET [26624] LOG:  checkpoint complete: wrote 5 buffers (0.0%); 0 WAL file(s) added, 0 removed, 0 recycled; write=0.407 s, sync=0.001 s, total=0.413 s; sync files=4, longest=0.001 s, average=0.001 s; distance=0 kB, estimate=3732 kB; lsn=0/19A8260, redo lsn=0/19A8208
2025-01-22 13:16:38.353 CET [27004] ERROR:  duplicate key value violates unique constraint "insects_pkey"
2025-01-22 13:16:38.353 CET [27004] DETAIL:  Key (insecttype, cardid)=(insect1, AA/01/01) already exists.
2025-01-22 13:16:38.353 CET [27004] STATEMENT:  INSERT INTO insects (InsectType, CardID, Location1, Location2, Count, Accuracy, Date) 
	VALUES ('insect1', 'AA/01/01', '01', '01', 6, 0.58, '01-13-2025');
2025-01-22 13:21:34.015 CET [26624] LOG:  checkpoint starting: time
2025-01-22 13:21:34.227 CET [26624] LOG:  checkpoint complete: wrote 3 buffers (0.0%); 0 WAL file(s) added, 0 removed, 0 recycled; write=0.205 s, sync=0.001 s, total=0.213 s; sync files=3, longest=0.001 s, average=0.001 s; distance=2 kB, estimate=3359 kB; lsn=0/19A8CA0, redo lsn=0/19A8C48
2025-01-22 13:26:34.229 CET [26624] LOG:  checkpoint starting: time
2025-01-22 13:26:34.444 CET [26624] LOG:  checkpoint complete: wrote 3 buffers (0.0%); 0 WAL file(s) added, 0 removed, 0 recycled; write=0.207 s, sync=0.001 s, total=0.216 s; sync files=3, longest=0.001 s, average=0.001 s; distance=1 kB, estimate=3023 kB; lsn=0/19A9470, redo lsn=0/19A9418
2025-01-22 13:54:47.997 CET [27004] ERROR:  syntax error at or near ";" at character 4770
2025-01-22 13:54:47.997 CET [27004] STATEMENT:  INSERT INTO insects VALUES ('insect1','AA/01/01','01','01',6,0.52989423,'01-28-2024'),('insect1','AA/01/02','01','02',6,0.84346867,'01-28-2024'),('insect1','AA/01/03','01','03',6,0.46756363,'01-28-2024'),('insect1','AA/01/04','01','04',2,0.19587928,'01-28-2024'),('insect1','AA/01/05','01','05',5,0.81776,'01-28-2024'),('insect1','AA/01/06','01','06',4,0.07032603,'01-28-2024'),('insect1','AA/01/07','01','07',2,0.52379954,'01-28-2024'),('insect1','AA/01/08','01','08',7,0.5491881,'01-28-2024'),('insect1','AA/01/09','01','09',6,0.7696982,'01-28-2024'),('insect1','AA/02/01','02','01',6,0.7628973,'01-28-2024'),('insect1','AA/02/02','02','02',5,0.19015646,'01-28-2024'),('insect1','AA/02/03','02','03',1,0.605757,'01-28-2024'),('insect1','AA/02/04','02','04',1,0.8072681,'01-28-2024'),('insect1','AA/02/05','02','05',1,0.39215183,'01-28-2024'),('insect1','AA/02/06','02','06',5,0.07772744,'01-28-2024'),('insect1','AA/02/07','02','07',8,0.7084293,'01-28-2024'),('insect1','AA/02/08','02','08',8,0.87368834,'01-28-2024'),('insect1','AA/02/09','02','09',1,0.6651542,'01-28-2024'),('insect1','AA/03/01','03','01',1,0.42720354,'01-28-2024'),('insect1','AA/03/02','03','02',5,0.8115869,'01-28-2024'),('insect1','AA/03/03','03','03',4,0.56754136,'01-28-2024'),('insect1','AA/03/04','03','04',7,0.7846158,'01-28-2024'),('insect1','AA/03/05','03','05',4,0.25095016,'01-28-2024'),('insect1','AA/03/06','03','06',3,0.051629186,'01-28-2024'),('insect1','AA/03/07','03','07',7,0.9050761,'01-28-2024'),('insect1','AA/03/08','03','08',1,0.9226843,'01-28-2024'),('insect1','AA/03/09','03','09',3,0.41979772,'01-28-2024'),('insect1','AA/04/01','04','01',8,0.9817167,'01-28-2024'),('insect1','AA/04/02','04','02',7,0.35042107,'01-28-2024'),('insect1','AA/04/03','04','03',7,0.67743474,'01-28-2024'),('insect1','AA/04/04','04','04',1,0.6488012,'01-28-2024'),('insect1','AA/04/05','04','05',2,0.5580914,'01-28-2024'),('insect1','AA/04/06','04','06',4,0.79696727,'01-28-2024'),('insect1','AA/04/07','04','07',7,0.3947826,'01-28-2024'),('insect1','AA/04/08','04','08',8,0.83329254,'01-28-2024'),('insect1','AA/04/09','04','09',1,0.6576675,'01-28-2024'),('insect1','AA/05/01','05','01',3,0.38337308,'01-28-2024'),('insect1','AA/05/02','05','02',7,0.75904787,'01-28-2024'),('insect1','AA/05/03','05','03',2,0.3398711,'01-28-2024'),('insect1','AA/05/04','05','04',3,0.50521797,'01-28-2024'),('insect1','AA/05/05','05','05',1,0.38408983,'01-28-2024'),('insect1','AA/05/06','05','06',3,0.9821569,'01-28-2024'),('insect1','AA/05/07','05','07',3,0.6665475,'01-28-2024'),('insect1','AA/05/08','05','08',4,0.89336735,'01-28-2024'),('insect1','AA/05/09','05','09',1,0.92700326,'01-28-2024'),('insect1','AA/06/01','06','01',4,0.25447607,'01-28-2024'),('insect1','AA/06/02','06','02',6,0.35207504,'01-28-2024'),('insect1','AA/06/03','06','03',2,0.4897318,'01-28-2024'),('insect1','AA/06/04','06','04',4,0.9597287,'01-28-2024'),('insect1','AA/06/05','06','05',5,0.8595296,'01-28-2024'),('insect1','AA/06/06','06','06',2,0.13657641,'01-28-2024'),('insect1','AA/06/07','06','07',2,0.84293205,'01-28-2024'),('insect1','AA/06/08','06','08',8,0.7112956,'01-28-2024'),('insect1','AA/06/09','06','09',4,0.50036186,'01-28-2024'),('insect1','AA/07/01','07','01',3,0.15388954,'01-28-2024'),('insect1','AA/07/02','07','02',3,0.92283654,'01-28-2024'),('insect1','AA/07/03','07','03',7,0.87740064,'01-28-2024'),('insect1','AA/07/04','07','04',8,0.937061,'01-28-2024'),('insect1','AA/07/05','07','05',8,0.3706302,'01-28-2024'),('insect1','AA/07/06','07','06',2,0.16027492,'01-28-2024'),('insect1','AA/07/07','07','07',5,0.8951051,'01-28-2024'),('insect1','AA/07/08','07','08',5,0.99297094,'01-28-2024'),('insect1','AA/07/09','07','09',3,0.5777884,'01-28-2024'),('insect1','AA/08/01','08','01',4,0.98759615,'01-28-2024'),('insect1','AA/08/02','08','02',7,0.96679753,'01-28-2024'),('insect1','AA/08/03','08','03',8,0.35137397,'01-28-2024'),('insect1','AA/08/04','08','04',7,0.987744,'01-28-2024'),('insect1','AA/08/05','08','05',2,0.8238261,'01-28-2024'),('insect1','AA/08/06','08','06',5,0.94343585,'01-28-2024'),('insect1','AA/08/07','08','07',1,0.33493584,'01-28-2024'),('insect1','AA/08/08','08','08',1,0.8929102,'01-28-2024'),('insect1','AA/08/09','08','09',5,0.29681456,'01-28-2024'),('insect1','AA/09/01','09','01',1,0.7835324,'01-28-2024'),('insect1','AA/09/02','09','02',1,0.03696233,'01-28-2024'),('insect1','AA/09/03','09','03',6,0.90178186,'01-28-2024'),('insect1','AA/09/04','09','04',4,0.24964303,'01-28-2024'),('insect1','AA/09/05','09','05',4,0.06703627,'01-28-2024'),('insect1','AA/09/06','09','06',3,0.7565239,'01-28-2024'),('insect1','AA/09/07','09','07',3,0.98398703,'01-28-2024'),('insect1','AA/09/08','09','08',2,0.73969734,'01-28-2024'),('insect1','AA/09/09','09','09',5,0.9622168,'01-28-2024'),
	;
2025-01-22 13:57:40.627 CET [27004] ERROR:  syntax error at or near ";" at character 4788
2025-01-22 13:57:40.627 CET [27004] STATEMENT:  INSERT INTO insects VALUES ('insect1','AA/01/01','01','01',8,0.4088018,'01-28-2024'),('insect1','AA/01/02','01','02',6,0.37970352,'01-28-2024'),('insect1','AA/01/03','01','03',2,0.17693973,'01-28-2024'),('insect1','AA/01/04','01','04',5,0.79027486,'01-28-2024'),('insect1','AA/01/05','01','05',6,0.8183306,'01-28-2024'),('insect1','AA/01/06','01','06',5,0.7202689,'01-28-2024'),('insect1','AA/01/07','01','07',4,0.16352665,'01-28-2024'),('insect1','AA/01/08','01','08',5,0.61989236,'01-28-2024'),('insect1','AA/01/09','01','09',4,0.7916636,'01-28-2024'),('insect1','AA/02/01','02','01',4,0.90228176,'01-28-2024'),('insect1','AA/02/02','02','02',5,0.93469787,'01-28-2024'),('insect1','AA/02/03','02','03',3,0.57795626,'01-28-2024'),('insect1','AA/02/04','02','04',6,0.68192255,'01-28-2024'),('insect1','AA/02/05','02','05',7,0.10022187,'01-28-2024'),('insect1','AA/02/06','02','06',1,0.08967501,'01-28-2024'),('insect1','AA/02/07','02','07',7,0.014662325,'01-28-2024'),('insect1','AA/02/08','02','08',8,0.40132612,'01-28-2024'),('insect1','AA/02/09','02','09',6,0.4795959,'01-28-2024'),('insect1','AA/03/01','03','01',6,0.1089074,'01-28-2024'),('insect1','AA/03/02','03','02',7,0.21844399,'01-28-2024'),('insect1','AA/03/03','03','03',6,0.27933854,'01-28-2024'),('insect1','AA/03/04','03','04',2,0.6014218,'01-28-2024'),('insect1','AA/03/05','03','05',1,0.24255395,'01-28-2024'),('insect1','AA/03/06','03','06',3,0.65801424,'01-28-2024'),('insect1','AA/03/07','03','07',6,0.041398644,'01-28-2024'),('insect1','AA/03/08','03','08',3,0.17166537,'01-28-2024'),('insect1','AA/03/09','03','09',8,0.6975996,'01-28-2024'),('insect1','AA/04/01','04','01',3,0.085427344,'01-28-2024'),('insect1','AA/04/02','04','02',2,0.40618348,'01-28-2024'),('insect1','AA/04/03','04','03',3,0.18656445,'01-28-2024'),('insect1','AA/04/04','04','04',2,0.86228436,'01-28-2024'),('insect1','AA/04/05','04','05',6,0.0769735,'01-28-2024'),('insect1','AA/04/06','04','06',2,0.50737005,'01-28-2024'),('insect1','AA/04/07','04','07',5,0.36559212,'01-28-2024'),('insect1','AA/04/08','04','08',6,0.0926559,'01-28-2024'),('insect1','AA/04/09','04','09',1,0.6326644,'01-28-2024'),('insect1','AA/05/01','05','01',8,0.46011645,'01-28-2024'),('insect1','AA/05/02','05','02',5,0.2608863,'01-28-2024'),('insect1','AA/05/03','05','03',5,0.27843845,'01-28-2024'),('insect1','AA/05/04','05','04',6,0.6552631,'01-28-2024'),('insect1','AA/05/05','05','05',3,0.91299087,'01-28-2024'),('insect1','AA/05/06','05','06',4,0.58528835,'01-28-2024'),('insect1','AA/05/07','05','07',5,0.0040456653,'01-28-2024'),('insect1','AA/05/08','05','08',7,0.48625672,'01-28-2024'),('insect1','AA/05/09','05','09',5,0.35283476,'01-28-2024'),('insect1','AA/06/01','06','01',7,0.110706806,'01-28-2024'),('insect1','AA/06/02','06','02',5,0.62544537,'01-28-2024'),('insect1','AA/06/03','06','03',2,0.18886596,'01-28-2024'),('insect1','AA/06/04','06','04',6,0.26305526,'01-28-2024'),('insect1','AA/06/05','06','05',7,0.9543415,'01-28-2024'),('insect1','AA/06/06','06','06',8,0.9947197,'01-28-2024'),('insect1','AA/06/07','06','07',4,0.9371314,'01-28-2024'),('insect1','AA/06/08','06','08',7,0.97509825,'01-28-2024'),('insect1','AA/06/09','06','09',4,0.19237345,'01-28-2024'),('insect1','AA/07/01','07','01',7,0.8815438,'01-28-2024'),('insect1','AA/07/02','07','02',5,0.69530994,'01-28-2024'),('insect1','AA/07/03','07','03',5,0.19836271,'01-28-2024'),('insect1','AA/07/04','07','04',6,0.51904726,'01-28-2024'),('insect1','AA/07/05','07','05',3,0.36444247,'01-28-2024'),('insect1','AA/07/06','07','06',3,0.35326236,'01-28-2024'),('insect1','AA/07/07','07','07',4,0.76557386,'01-28-2024'),('insect1','AA/07/08','07','08',3,0.10364121,'01-28-2024'),('insect1','AA/07/09','07','09',4,0.59456366,'01-28-2024'),('insect1','AA/08/01','08','01',5,0.62120724,'01-28-2024'),('insect1','AA/08/02','08','02',8,0.08864093,'01-28-2024'),('insect1','AA/08/03','08','03',5,0.888643,'01-28-2024'),('insect1','AA/08/04','08','04',4,0.37084335,'01-28-2024'),('insect1','AA/08/05','08','05',3,0.28116083,'01-28-2024'),('insect1','AA/08/06','08','06',1,0.1842826,'01-28-2024'),('insect1','AA/08/07','08','07',7,0.3195172,'01-28-2024'),('insect1','AA/08/08','08','08',8,0.9078172,'01-28-2024'),('insect1','AA/08/09','08','09',4,0.8425799,'01-28-2024'),('insect1','AA/09/01','09','01',1,0.89921194,'01-28-2024'),('insect1','AA/09/02','09','02',2,0.8997717,'01-28-2024'),('insect1','AA/09/03','09','03',3,0.025968194,'01-28-2024'),('insect1','AA/09/04','09','04',3,0.256168,'01-28-2024'),('insect1','AA/09/05','09','05',1,0.1414296,'01-28-2024'),('insect1','AA/09/06','09','06',1,0.024601638,'01-28-2024'),('insect1','AA/09/07','09','07',4,0.74938166,'01-28-2024'),('insect1','AA/09/08','09','08',8,0.10250175,'01-28-2024'),('insect1','AA/09/09','09','09',3,0.5071819,'01-28-2024'),
	;
2025-01-22 13:57:46.214 CET [27004] ERROR:  duplicate key value violates unique constraint "insects_pkey"
2025-01-22 13:57:46.214 CET [27004] DETAIL:  Key (insecttype, cardid)=(insect1, AA/01/01) already exists.
2025-01-22 13:57:46.214 CET [27004] STATEMENT:  INSERT INTO insects VALUES 
	('insect1','AA/01/01','01','01',1,0.6095608,'01-28-2024'),
	('insect1','AA/01/02','01','02',8,0.04659021,'01-28-2024'),
	('insect1','AA/01/03','01','03',4,0.6161872,'01-28-2024'),
	('insect1','AA/01/04','01','04',1,0.05455327,'01-28-2024'),
	('insect1','AA/01/05','01','05',5,0.184883,'01-28-2024'),
	('insect1','AA/01/06','01','06',7,0.3758511,'01-28-2024'),
	('insect1','AA/01/07','01','07',5,0.3102293,'01-28-2024'),
	('insect1','AA/01/08','01','08',1,0.67943394,'01-28-2024'),
	('insect1','AA/01/09','01','09',5,0.29906023,'01-28-2024'),
	('insect1','AA/02/01','02','01',2,0.57508606,'01-28-2024'),
	('insect1','AA/02/02','02','02',5,0.49984533,'01-28-2024'),
	('insect1','AA/02/03','02','03',8,0.7738925,'01-28-2024'),
	('insect1','AA/02/04','02','04',3,0.47543848,'01-28-2024'),
	('insect1','AA/02/05','02','05',6,0.04103875,'01-28-2024'),
	('insect1','AA/02/06','02','06',3,0.71192133,'01-28-2024'),
	('insect1','AA/02/07','02','07',6,0.5582537,'01-28-2024'),
	('insect1','AA/02/08','02','08',6,0.49672258,'01-28-2024'),
	('insect1','AA/02/09','02','09',4,0.6254214,'01-28-2024'),
	('insect1','AA/03/01','03','01',2,0.64923257,'01-28-2024'),
	('insect1','AA/03/02','03','02',8,0.98051447,'01-28-2024'),
	('insect1','AA/03/03','03','03',2,0.546947,'01-28-2024'),
	('insect1','AA/03/04','03','04',8,0.92455226,'01-28-2024'),
	('insect1','AA/03/05','03','05',5,0.51308864,'01-28-2024'),
	('insect1','AA/03/06','03','06',1,0.50239503,'01-28-2024'),
	('insect1','AA/03/07','03','07',7,0.47411025,'01-28-2024'),
	('insect1','AA/03/08','03','08',2,0.13760197,'01-28-2024'),
	('insect1','AA/03/09','03','09',7,0.6670552,'01-28-2024'),
	('insect1','AA/04/01','04','01',7,0.855197,'01-28-2024'),
	('insect1','AA/04/02','04','02',6,0.59012944,'01-28-2024'),
	('insect1','AA/04/03','04','03',8,0.883005,'01-28-2024'),
	('insect1','AA/04/04','04','04',4,0.81085014,'01-28-2024'),
	('insect1','AA/04/05','04','05',8,0.41137415,'01-28-2024'),
	('insect1','AA/04/06','04','06',6,0.34371686,'01-28-2024'),
	('insect1','AA/04/07','04','07',6,0.35185117,'01-28-2024'),
	('insect1','AA/04/08','04','08',3,0.20558345,'01-28-2024'),
	('insect1','AA/04/09','04','09',6,0.3851019,'01-28-2024'),
	('insect1','AA/05/01','05','01',2,0.27697533,'01-28-2024'),
	('insect1','AA/05/02','05','02',4,0.57257867,'01-28-2024'),
	('insect1','AA/05/03','05','03',8,0.51982766,'01-28-2024'),
	('insect1','AA/05/04','05','04',1,0.5487676,'01-28-2024'),
	('insect1','AA/05/05','05','05',8,0.9079556,'01-28-2024'),
	('insect1','AA/05/06','05','06',5,0.363051,'01-28-2024'),
	('insect1','AA/05/07','05','07',7,0.55057955,'01-28-2024'),
	('insect1','AA/05/08','05','08',7,0.5321827,'01-28-2024'),
	('insect1','AA/05/09','05','09',5,0.56911236,'01-28-2024'),
	('insect1','AA/06/01','06','01',4,0.75410396,'01-28-2024'),
	('insect1','AA/06/02','06','02',6,0.41399038,'01-28-2024'),
	('insect1','AA/06/03','06','03',3,0.057453394,'01-28-2024'),
	('insect1','AA/06/04','06','04',5,0.775543,'01-28-2024'),
	('insect1','AA/06/05','06','05',2,0.2829095,'01-28-2024'),
	('insect1','AA/06/06','06','06',8,0.79781604,'01-28-2024'),
	('insect1','AA/06/07','06','07',2,0.6548286,'01-28-2024'),
	('insect1','AA/06/08','06','08',2,0.3970868,'01-28-2024'),
	('insect1','AA/06/09','06','09',4,0.5750103,'01-28-2024'),
	('insect1','AA/07/01','07','01',8,0.520855,'01-28-2024'),
	('insect1','AA/07/02','07','02',1,0.50347644,'01-28-2024'),
	('insect1','AA/07/03','07','03',6,0.76480854,'01-28-2024'),
	('insect1','AA/07/04','07','04',6,0.0606364,'01-28-2024'),
	('insect1','AA/07/05','07','05',5,0.9542159,'01-28-2024'),
	('insect1','AA/07/06','07','06',3,0.04602325,'01-28-2024'),
	('insect1','AA/07/07','07','07',6,0.8550855,'01-28-2024'),
	('insect1','AA/07/08','07','08',6,0.5039233,'01-28-2024'),
	('insect1','AA/07/09','07','09',3,0.8250734,'01-28-2024'),
	('insect1','AA/08/01','08','01',3,0.9368222,'01-28-2024'),
	('insect1','AA/08/02','08','02',8,0.8634621,'01-28-2024'),
	('insect1','AA/08/03','08','03',2,0.26290876,'01-28-2024'),
	('insect1','AA/08/04','08','04',7,0.5456453,'01-28-2024'),
	('insect1','AA/08/05','08','05',7,0.7013019,'01-28-2024'),
	('insect1','AA/08/06','08','06',2,0.8056315,'01-28-2024'),
	('insect1','AA/08/07','08','07',1,0.84369326,'01-28-2024'),
	('insect1','AA/08/08','08','08',1,0.48843879,'01-28-2024'),
	('insect1','AA/08/09','08','09',2,0.20737696,'01-28-2024'),
	('insect1','AA/09/01','09','01',1,0.26435006,'01-28-2024'),
	('insect1','AA/09/02','09','02',8,0.3639071,'01-28-2024'),
	('insect1','AA/09/03','09','03',2,0.5633908,'01-28-2024'),
	('insect1','AA/09/04','09','04',6,0.6797865,'01-28-2024'),
	('insect1','AA/09/05','09','05',1,0.03878343,'01-28-2024'),
	('insect1','AA/09/06','09','06',8,0.9986345,'01-28-2024'),
	('insect1','AA/09/07','09','07',1,0.04334092,'01-28-2024'),
	('insect1','AA/09/08','09','08',5,0.5243584,'01-28-2024'),
	('insect1','AA/09/09','09','09',4,0.2467314,'01-28-2024');
2025-01-22 14:01:34.426 CET [26624] LOG:  checkpoint starting: time
2025-01-22 14:01:35.050 CET [26624] LOG:  checkpoint complete: wrote 7 buffers (0.0%); 0 WAL file(s) added, 0 removed, 0 recycled; write=0.615 s, sync=0.002 s, total=0.627 s; sync files=7, longest=0.001 s, average=0.001 s; distance=22 kB, estimate=2723 kB; lsn=0/19AEF40, redo lsn=0/19AEEE8
2025-01-22 14:06:34.050 CET [26624] LOG:  checkpoint starting: time
2025-01-22 14:06:34.570 CET [26624] LOG:  checkpoint complete: wrote 6 buffers (0.0%); 0 WAL file(s) added, 0 removed, 0 recycled; write=0.512 s, sync=0.002 s, total=0.521 s; sync files=6, longest=0.001 s, average=0.001 s; distance=32 kB, estimate=2454 kB; lsn=0/19B72D8, redo lsn=0/19B7280
2025-01-22 14:07:59.662 CET [27004] ERROR:  duplicate key value violates unique constraint "insects_pkey"
2025-01-22 14:07:59.662 CET [27004] DETAIL:  Key (insecttype, cardid)=(insect2, AA/02/02) already exists.
2025-01-22 14:07:59.662 CET [27004] STATEMENT:  INSERT INTO insects VALUES 
	('insect2','AA/01/01','01','01',4,0.7872187,'01-28-2024'),
	('insect2','AA/01/02','01','02',3,0.019963145,'01-28-2024'),
	('insect2','AA/01/03','01','03',2,0.93675816,'01-28-2024'),
	('insect2','AA/01/04','01','04',4,0.04491037,'01-28-2024'),
	('insect2','AA/01/05','01','05',5,0.15608633,'01-28-2024'),
	('insect2','AA/01/06','01','06',3,0.73946947,'01-28-2024'),
	('insect2','AA/01/07','01','07',4,0.33897227,'01-28-2024'),
	('insect2','AA/01/08','01','08',5,0.28990912,'01-28-2024'),
	('insect2','AA/01/09','01','09',1,0.54232806,'01-28-2024'),
	('insect2','AA/02/01','02','01',3,0.93903077,'01-28-2024'),
	('insect2','AA/02/02','02','02',3,0.08646703,'01-28-2024'),
	('insect2','AA/02/03','02','03',3,0.9375825,'01-28-2024'),
	('insect2','AA/02/04','02','04',5,0.2580304,'01-28-2024'),
	('insect2','AA/02/05','02','05',4,0.32655454,'01-28-2024'),
	('insect2','AA/02/06','02','06',3,0.7825859,'01-28-2024'),
	('insect2','AA/02/07','02','07',1,0.11312944,'01-28-2024'),
	('insect2','AA/02/08','02','08',5,0.35437244,'01-28-2024'),
	('insect2','AA/02/09','02','09',1,0.46081662,'01-28-2024'),
	('insect2','AA/03/01','03','01',1,0.4366194,'01-28-2024'),
	('insect2','AA/03/02','03','02',5,0.17881042,'01-28-2024'),
	('insect2','AA/03/03','03','03',5,0.4618721,'01-28-2024'),
	('insect2','AA/03/04','03','04',3,0.9467537,'01-28-2024'),
	('insect2','AA/03/05','03','05',1,0.35550642,'01-28-2024'),
	('insect2','AA/03/06','03','06',3,0.0568704,'01-28-2024'),
	('insect2','AA/03/07','03','07',2,0.8179322,'01-28-2024'),
	('insect2','AA/03/08','03','08',5,0.7819901,'01-28-2024'),
	('insect2','AA/03/09','03','09',5,0.07581693,'01-28-2024'),
	('insect2','AA/04/01','04','01',1,0.89957374,'01-28-2024'),
	('insect2','AA/04/02','04','02',1,0.34707147,'01-28-2024'),
	('insect2','AA/04/03','04','03',5,0.11085576,'01-28-2024'),
	('insect2','AA/04/04','04','04',5,0.25853032,'01-28-2024'),
	('insect2','AA/04/05','04','05',4,0.6111418,'01-28-2024'),
	('insect2','AA/04/06','04','06',3,0.062549174,'01-28-2024'),
	('insect2','AA/04/07','04','07',1,0.49078333,'01-28-2024'),
	('insect2','AA/04/08','04','08',4,0.07557088,'01-28-2024'),
	('insect2','AA/04/09','04','09',5,0.90314305,'01-28-2024'),
	('insect2','AA/05/01','05','01',5,0.11765993,'01-28-2024'),
	('insect2','AA/05/02','05','02',5,0.5308572,'01-28-2024'),
	('insect2','AA/05/03','05','03',4,0.37975776,'01-28-2024'),
	('insect2','AA/05/04','05','04',5,0.14789134,'01-28-2024'),
	('insect2','AA/05/05','05','05',4,0.5507971,'01-28-2024'),
	('insect2','AA/05/06','05','06',5,0.42341805,'01-28-2024'),
	('insect2','AA/05/07','05','07',1,0.8687703,'01-28-2024'),
	('insect2','AA/05/08','05','08',2,0.28366858,'01-28-2024'),
	('insect2','AA/05/09','05','09',3,0.14045298,'01-28-2024'),
	('insect2','AA/06/01','06','01',2,0.45701075,'01-28-2024'),
	('insect2','AA/06/02','06','02',1,0.528926,'01-28-2024'),
	('insect2','AA/06/03','06','03',5,0.421093,'01-28-2024'),
	('insect2','AA/06/04','06','04',5,0.81464446,'01-28-2024'),
	('insect2','AA/06/05','06','05',3,0.072595954,'01-28-2024'),
	('insect2','AA/06/06','06','06',4,0.87601435,'01-28-2024'),
	('insect2','AA/06/07','06','07',2,0.60171425,'01-28-2024'),
	('insect2','AA/06/08','06','08',3,0.74382204,'01-28-2024'),
	('insect2','AA/06/09','06','09',1,0.40482754,'01-28-2024'),
	('insect2','AA/07/01','07','01',1,0.89812285,'01-28-2024'),
	('insect2','AA/07/02','07','02',5,0.36792266,'01-28-2024'),
	('insect2','AA/07/03','07','03',2,0.587143,'01-28-2024'),
	('insect2','AA/07/04','07','04',5,0.536333,'01-28-2024'),
	('insect2','AA/07/05','07','05',2,0.1493398,'01-28-2024'),
	('insect2','AA/07/06','07','06',1,0.41751933,'01-28-2024'),
	('insect2','AA/07/07','07','07',5,0.3590566,'01-28-2024'),
	('insect2','AA/07/08','07','08',3,0.8853141,'01-28-2024'),
	('insect2','AA/07/09','07','09',5,0.14341092,'01-28-2024'),
	('insect2','AA/08/01','08','01',2,0.63680047,'01-28-2024'),
	('insect2','AA/08/02','08','02',5,0.036471784,'01-28-2024'),
	('insect2','AA/08/03','08','03',1,0.24541962,'01-28-2024'),
	('insect2','AA/08/04','08','04',2,0.052874446,'01-28-2024'),
	('insect2','AA/08/05','08','05',2,0.23276752,'01-28-2024'),
	('insect2','AA/08/06','08','06',1,0.33634794,'01-28-2024'),
	('insect2','AA/08/07','08','07',4,0.001725316,'01-28-2024'),
	('insect2','AA/08/08','08','08',1,0.7318933,'01-28-2024'),
	('insect2','AA/08/09','08','09',2,0.5180827,'01-28-2024'),
	('insect2','AA/09/01','09','01',5,0.059368134,'01-28-2024'),
	('insect2','AA/09/02','09','02',3,0.95778674,'01-28-2024'),
	('insect2','AA/09/03','09','03',2,0.24994832,'01-28-2024'),
	('insect2','AA/09/04','09','04',3,0.14164656,'01-28-2024'),
	('insect2','AA/09/05','09','05',5,0.017425954,'01-28-2024'),
	('insect2','AA/09/06','09','06',2,0.026115358,'01-28-2024'),
	('insect2','AA/09/07','09','07',2,0.44875288,'01-28-2024'),
	('insect2','AA/09/08','09','08',5,0.20318365,'01-28-2024'),
	('insect2','AA/09/09','09','09',2,0.8409777,'01-28-2024');
2025-01-22 14:09:28.350 CET [27004] ERROR:  syntax error at or near ";" at character 4852
2025-01-22 14:09:28.350 CET [27004] STATEMENT:  INSERT INTO insects VALUES 
	('insect3','BB/01/01','01','01',4,0.1776889,'01-28-2024'),
	('insect3','BB/01/02','01','02',2,0.8713452,'01-28-2024'),
	('insect3','BB/01/03','01','03',2,0.68152905,'01-28-2024'),
	('insect3','BB/01/04','01','04',5,0.16892874,'01-28-2024'),
	('insect3','BB/01/05','01','05',2,0.27569336,'01-28-2024'),
	('insect3','BB/01/06','01','06',2,0.8778062,'01-28-2024'),
	('insect3','BB/01/07','01','07',3,0.1441648,'01-28-2024'),
	('insect3','BB/01/08','01','08',4,0.75694263,'01-28-2024'),
	('insect3','BB/01/09','01','09',3,0.12104261,'01-28-2024'),
	('insect3','BB/02/01','02','01',5,0.9543401,'01-28-2024'),
	('insect3','BB/02/02','02','02',5,0.75318426,'01-28-2024'),
	('insect3','BB/02/03','02','03',3,0.10879058,'01-28-2024'),
	('insect3','BB/02/04','02','04',3,0.49308997,'01-28-2024'),
	('insect3','BB/02/05','02','05',5,0.6438168,'01-28-2024'),
	('insect3','BB/02/06','02','06',4,0.9163451,'01-28-2024'),
	('insect3','BB/02/07','02','07',5,0.10074586,'01-28-2024'),
	('insect3','BB/02/08','02','08',1,0.572171,'01-28-2024'),
	('insect3','BB/02/09','02','09',1,0.8000341,'01-28-2024'),
	('insect3','BB/03/01','03','01',1,0.4666915,'01-28-2024'),
	('insect3','BB/03/02','03','02',2,0.2843629,'01-28-2024'),
	('insect3','BB/03/03','03','03',5,0.30987495,'01-28-2024'),
	('insect3','BB/03/04','03','04',2,0.04869598,'01-28-2024'),
	('insect3','BB/03/05','03','05',5,0.35785723,'01-28-2024'),
	('insect3','BB/03/06','03','06',2,0.55708957,'01-28-2024'),
	('insect3','BB/03/07','03','07',3,0.7972268,'01-28-2024'),
	('insect3','BB/03/08','03','08',5,0.6798728,'01-28-2024'),
	('insect3','BB/03/09','03','09',4,0.25719684,'01-28-2024'),
	('insect3','BB/04/01','04','01',5,0.54477084,'01-28-2024'),
	('insect3','BB/04/02','04','02',4,0.8253901,'01-28-2024'),
	('insect3','BB/04/03','04','03',3,0.6091798,'01-28-2024'),
	('insect3','BB/04/04','04','04',4,0.27481306,'01-28-2024'),
	('insect3','BB/04/05','04','05',1,0.14627081,'01-28-2024'),
	('insect3','BB/04/06','04','06',4,0.49072862,'01-28-2024'),
	('insect3','BB/04/07','04','07',2,0.5537017,'01-28-2024'),
	('insect3','BB/04/08','04','08',3,0.98939854,'01-28-2024'),
	('insect3','BB/04/09','04','09',3,0.08985287,'01-28-2024'),
	('insect3','BB/05/01','05','01',1,0.1345393,'01-28-2024'),
	('insect3','BB/05/02','05','02',5,0.10872799,'01-28-2024'),
	('insect3','BB/05/03','05','03',3,0.13591349,'01-28-2024'),
	('insect3','BB/05/04','05','04',5,0.28162092,'01-28-2024'),
	('insect3','BB/05/05','05','05',2,0.12749803,'01-28-2024'),
	('insect3','BB/05/06','05','06',1,0.9826547,'01-28-2024'),
	('insect3','BB/05/07','05','07',2,0.80547154,'01-28-2024'),
	('insect3','BB/05/08','05','08',1,0.188241,'01-28-2024'),
	('insect3','BB/05/09','05','09',4,0.009834349,'01-28-2024'),
	('insect3','BB/06/01','06','01',2,0.24994516,'01-28-2024'),
	('insect3','BB/06/02','06','02',5,0.77440685,'01-28-2024'),
	('insect3','BB/06/03','06','03',2,0.48932463,'01-28-2024'),
	('insect3','BB/06/04','06','04',3,0.2804783,'01-28-2024'),
	('insect3','BB/06/05','06','05',4,0.115834236,'01-28-2024'),
	('insect3','BB/06/06','06','06',3,0.6273493,'01-28-2024'),
	('insect3','BB/06/07','06','07',5,0.7592703,'01-28-2024'),
	('insect3','BB/06/08','06','08',4,0.69190055,'01-28-2024'),
	('insect3','BB/06/09','06','09',2,0.35149628,'01-28-2024'),
	('insect3','BB/07/01','07','01',4,0.6682335,'01-28-2024'),
	('insect3','BB/07/02','07','02',2,0.9940229,'01-28-2024'),
	('insect3','BB/07/03','07','03',2,0.25209057,'01-28-2024'),
	('insect3','BB/07/04','07','04',3,0.2546891,'01-28-2024'),
	('insect3','BB/07/05','07','05',1,0.22352058,'01-28-2024'),
	('insect3','BB/07/06','07','06',1,0.38512623,'01-28-2024'),
	('insect3','BB/07/07','07','07',1,0.26109773,'01-28-2024'),
	('insect3','BB/07/08','07','08',3,0.7184232,'01-28-2024'),
	('insect3','BB/07/09','07','09',2,0.8335133,'01-28-2024'),
	('insect3','BB/08/01','08','01',5,0.86160564,'01-28-2024'),
	('insect3','BB/08/02','08','02',5,0.61678386,'01-28-2024'),
	('insect3','BB/08/03','08','03',3,0.7489959,'01-28-2024'),
	('insect3','BB/08/04','08','04',5,4.956722E-4,'01-28-2024'),
	('insect3','BB/08/05','08','05',1,0.56963456,'01-28-2024'),
	('insect3','BB/08/06','08','06',1,0.31291354,'01-28-2024'),
	('insect3','BB/08/07','08','07',1,0.56476825,'01-28-2024'),
	('insect3','BB/08/08','08','08',2,0.6165305,'01-28-2024'),
	('insect3','BB/08/09','08','09',1,0.6406004,'01-28-2024'),
	('insect3','BB/09/01','09','01',3,0.5224356,'01-28-2024'),
	('insect3','BB/09/02','09','02',5,0.2283516,'01-28-2024'),
	('insect3','BB/09/03','09','03',4,0.9290999,'01-28-2024'),
	('insect3','BB/09/04','09','04',2,0.31010062,'01-28-2024'),
	('insect3','BB/09/05','09','05',3,0.9097845,'01-28-2024'),
	('insect3','BB/09/06','09','06',4,0.6174114,'01-28-2024'),
	('insect3','BB/09/07','09','07',5,0.9193745,'01-28-2024'),
	('insect3','BB/09/08','09','08',5,0.6935639,'01-28-2024'),
	('insect3','BB/09/09','09','09',3,0.8482577,'01-28-2024'),
	;
2025-01-22 14:09:42.769 CET [27004] ERROR:  duplicate key value violates unique constraint "insects_pkey"
2025-01-22 14:09:42.769 CET [27004] DETAIL:  Key (insecttype, cardid)=(insect3, BB/06/04) already exists.
2025-01-22 14:09:42.769 CET [27004] STATEMENT:  INSERT INTO insects VALUES 
	('insect3','BB/01/01','01','01',4,0.1776889,'01-28-2024'),
	('insect3','BB/01/02','01','02',2,0.8713452,'01-28-2024'),
	('insect3','BB/01/03','01','03',2,0.68152905,'01-28-2024'),
	('insect3','BB/01/04','01','04',5,0.16892874,'01-28-2024'),
	('insect3','BB/01/05','01','05',2,0.27569336,'01-28-2024'),
	('insect3','BB/01/06','01','06',2,0.8778062,'01-28-2024'),
	('insect3','BB/01/07','01','07',3,0.1441648,'01-28-2024'),
	('insect3','BB/01/08','01','08',4,0.75694263,'01-28-2024'),
	('insect3','BB/01/09','01','09',3,0.12104261,'01-28-2024'),
	('insect3','BB/02/01','02','01',5,0.9543401,'01-28-2024'),
	('insect3','BB/02/02','02','02',5,0.75318426,'01-28-2024'),
	('insect3','BB/02/03','02','03',3,0.10879058,'01-28-2024'),
	('insect3','BB/02/04','02','04',3,0.49308997,'01-28-2024'),
	('insect3','BB/02/05','02','05',5,0.6438168,'01-28-2024'),
	('insect3','BB/02/06','02','06',4,0.9163451,'01-28-2024'),
	('insect3','BB/02/07','02','07',5,0.10074586,'01-28-2024'),
	('insect3','BB/02/08','02','08',1,0.572171,'01-28-2024'),
	('insect3','BB/02/09','02','09',1,0.8000341,'01-28-2024'),
	('insect3','BB/03/01','03','01',1,0.4666915,'01-28-2024'),
	('insect3','BB/03/02','03','02',2,0.2843629,'01-28-2024'),
	('insect3','BB/03/03','03','03',5,0.30987495,'01-28-2024'),
	('insect3','BB/03/04','03','04',2,0.04869598,'01-28-2024'),
	('insect3','BB/03/05','03','05',5,0.35785723,'01-28-2024'),
	('insect3','BB/03/06','03','06',2,0.55708957,'01-28-2024'),
	('insect3','BB/03/07','03','07',3,0.7972268,'01-28-2024'),
	('insect3','BB/03/08','03','08',5,0.6798728,'01-28-2024'),
	('insect3','BB/03/09','03','09',4,0.25719684,'01-28-2024'),
	('insect3','BB/04/01','04','01',5,0.54477084,'01-28-2024'),
	('insect3','BB/04/02','04','02',4,0.8253901,'01-28-2024'),
	('insect3','BB/04/03','04','03',3,0.6091798,'01-28-2024'),
	('insect3','BB/04/04','04','04',4,0.27481306,'01-28-2024'),
	('insect3','BB/04/05','04','05',1,0.14627081,'01-28-2024'),
	('insect3','BB/04/06','04','06',4,0.49072862,'01-28-2024'),
	('insect3','BB/04/07','04','07',2,0.5537017,'01-28-2024'),
	('insect3','BB/04/08','04','08',3,0.98939854,'01-28-2024'),
	('insect3','BB/04/09','04','09',3,0.08985287,'01-28-2024'),
	('insect3','BB/05/01','05','01',1,0.1345393,'01-28-2024'),
	('insect3','BB/05/02','05','02',5,0.10872799,'01-28-2024'),
	('insect3','BB/05/03','05','03',3,0.13591349,'01-28-2024'),
	('insect3','BB/05/04','05','04',5,0.28162092,'01-28-2024'),
	('insect3','BB/05/05','05','05',2,0.12749803,'01-28-2024'),
	('insect3','BB/05/06','05','06',1,0.9826547,'01-28-2024'),
	('insect3','BB/05/07','05','07',2,0.80547154,'01-28-2024'),
	('insect3','BB/05/08','05','08',1,0.188241,'01-28-2024'),
	('insect3','BB/05/09','05','09',4,0.009834349,'01-28-2024'),
	('insect3','BB/06/01','06','01',2,0.24994516,'01-28-2024'),
	('insect3','BB/06/02','06','02',5,0.77440685,'01-28-2024'),
	('insect3','BB/06/03','06','03',2,0.48932463,'01-28-2024'),
	('insect3','BB/06/04','06','04',3,0.2804783,'01-28-2024'),
	('insect3','BB/06/05','06','05',4,0.115834236,'01-28-2024'),
	('insect3','BB/06/06','06','06',3,0.6273493,'01-28-2024'),
	('insect3','BB/06/07','06','07',5,0.7592703,'01-28-2024'),
	('insect3','BB/06/08','06','08',4,0.69190055,'01-28-2024'),
	('insect3','BB/06/09','06','09',2,0.35149628,'01-28-2024'),
	('insect3','BB/07/01','07','01',4,0.6682335,'01-28-2024'),
	('insect3','BB/07/02','07','02',2,0.9940229,'01-28-2024'),
	('insect3','BB/07/03','07','03',2,0.25209057,'01-28-2024'),
	('insect3','BB/07/04','07','04',3,0.2546891,'01-28-2024'),
	('insect3','BB/07/05','07','05',1,0.22352058,'01-28-2024'),
	('insect3','BB/07/06','07','06',1,0.38512623,'01-28-2024'),
	('insect3','BB/07/07','07','07',1,0.26109773,'01-28-2024'),
	('insect3','BB/07/08','07','08',3,0.7184232,'01-28-2024'),
	('insect3','BB/07/09','07','09',2,0.8335133,'01-28-2024'),
	('insect3','BB/08/01','08','01',5,0.86160564,'01-28-2024'),
	('insect3','BB/08/02','08','02',5,0.61678386,'01-28-2024'),
	('insect3','BB/08/03','08','03',3,0.7489959,'01-28-2024'),
	('insect3','BB/08/04','08','04',5,4.956722E-4,'01-28-2024'),
	('insect3','BB/08/05','08','05',1,0.56963456,'01-28-2024'),
	('insect3','BB/08/06','08','06',1,0.31291354,'01-28-2024'),
	('insect3','BB/08/07','08','07',1,0.56476825,'01-28-2024'),
	('insect3','BB/08/08','08','08',2,0.6165305,'01-28-2024'),
	('insect3','BB/08/09','08','09',1,0.6406004,'01-28-2024'),
	('insect3','BB/09/01','09','01',3,0.5224356,'01-28-2024'),
	('insect3','BB/09/02','09','02',5,0.2283516,'01-28-2024'),
	('insect3','BB/09/03','09','03',4,0.9290999,'01-28-2024'),
	('insect3','BB/09/04','09','04',2,0.31010062,'01-28-2024'),
	('insect3','BB/09/05','09','05',3,0.9097845,'01-28-2024'),
	('insect3','BB/09/06','09','06',4,0.6174114,'01-28-2024'),
	('insect3','BB/09/07','09','07',5,0.9193745,'01-28-2024'),
	('insect3','BB/09/08','09','08',5,0.6935639,'01-28-2024'),
	('insect3','BB/09/09','09','09',3,0.8482577,'01-28-2024');
2025-01-22 14:11:34.570 CET [26624] LOG:  checkpoint starting: time
2025-01-22 14:11:36.000 CET [26624] LOG:  checkpoint complete: wrote 15 buffers (0.1%); 0 WAL file(s) added, 0 removed, 0 recycled; write=1.424 s, sync=0.002 s, total=1.431 s; sync files=7, longest=0.001 s, average=0.001 s; distance=65 kB, estimate=2215 kB; lsn=0/19CD950, redo lsn=0/19C7730
2025-01-22 14:13:57.572 CET [27004] ERROR:  syntax error at or near "TABLE" at character 8
2025-01-22 14:13:57.572 CET [27004] STATEMENT:  DELETE TABLE insects
	INSERT INTO insects VALUES 
	('insect4','CC/01/01','01','01',1,0.8736631,'01-28-2024'),
	('insect4','CC/01/02','01','02',5,0.4164737,'01-28-2024'),
	('insect4','CC/01/03','01','03',1,0.31691104,'01-28-2024'),
	('insect4','CC/01/04','01','04',5,0.70739233,'01-28-2024'),
	('insect4','CC/01/05','01','05',3,0.99830836,'01-28-2024'),
	('insect4','CC/01/06','01','06',4,0.9147376,'01-28-2024'),
	('insect4','CC/01/07','01','07',3,0.01672858,'01-28-2024'),
	('insect4','CC/01/08','01','08',5,0.9021803,'01-28-2024'),
	('insect4','CC/01/09','01','09',5,0.36051208,'01-28-2024'),
	('insect4','CC/02/01','02','01',2,0.032611668,'01-28-2024'),
	('insect4','CC/02/02','02','02',5,0.49707842,'01-28-2024'),
	('insect4','CC/02/03','02','03',3,0.6393247,'01-28-2024'),
	('insect4','CC/02/04','02','04',1,0.2740509,'01-28-2024'),
	('insect4','CC/02/05','02','05',1,0.64624304,'01-28-2024'),
	('insect4','CC/02/06','02','06',4,0.7477242,'01-28-2024'),
	('insect4','CC/02/07','02','07',3,0.02590394,'01-28-2024'),
	('insect4','CC/02/08','02','08',5,0.8471442,'01-28-2024'),
	('insect4','CC/02/09','02','09',2,0.13252646,'01-28-2024'),
	('insect4','CC/03/01','03','01',2,0.8580157,'01-28-2024'),
	('insect4','CC/03/02','03','02',1,0.34573722,'01-28-2024'),
	('insect4','CC/03/03','03','03',1,0.028117478,'01-28-2024'),
	('insect4','CC/03/04','03','04',4,0.49921167,'01-28-2024'),
	('insect4','CC/03/05','03','05',3,0.6910147,'01-28-2024'),
	('insect4','CC/03/06','03','06',4,0.04156035,'01-28-2024'),
	('insect4','CC/03/07','03','07',1,0.04187864,'01-28-2024'),
	('insect4','CC/03/08','03','08',4,0.031319857,'01-28-2024'),
	('insect4','CC/03/09','03','09',1,0.520531,'01-28-2024'),
	('insect4','CC/04/01','04','01',1,0.8540898,'01-28-2024'),
	('insect4','CC/04/02','04','02',2,0.93293554,'01-28-2024'),
	('insect4','CC/04/03','04','03',5,0.8710135,'01-28-2024'),
	('insect4','CC/04/04','04','04',3,0.3218959,'01-28-2024'),
	('insect4','CC/04/05','04','05',3,0.17037344,'01-28-2024'),
	('insect4','CC/04/06','04','06',3,0.85744196,'01-28-2024'),
	('insect4','CC/04/07','04','07',5,0.7576351,'01-28-2024'),
	('insect4','CC/04/08','04','08',3,0.9121815,'01-28-2024'),
	('insect4','CC/04/09','04','09',1,0.14652163,'01-28-2024'),
	('insect4','CC/05/01','05','01',2,0.09976643,'01-28-2024'),
	('insect4','CC/05/02','05','02',3,0.62044936,'01-28-2024'),
	('insect4','CC/05/03','05','03',4,0.546709,'01-28-2024'),
	('insect4','CC/05/04','05','04',1,0.838859,'01-28-2024'),
	('insect4','CC/05/05','05','05',4,0.5283353,'01-28-2024'),
	('insect4','CC/05/06','05','06',2,0.83869594,'01-28-2024'),
	('insect4','CC/05/07','05','07',1,0.8960697,'01-28-2024'),
	('insect4','CC/05/08','05','08',3,0.40273,'01-28-2024'),
	('insect4','CC/05/09','05','09',1,0.3510111,'01-28-2024'),
	('insect4','CC/06/01','06','01',5,0.76187736,'01-28-2024'),
	('insect4','CC/06/02','06','02',3,0.55151683,'01-28-2024'),
	('insect4','CC/06/03','06','03',3,0.39963955,'01-28-2024'),
	('insect4','CC/06/04','06','04',3,0.58202314,'01-28-2024'),
	('insect4','CC/06/05','06','05',3,0.5177794,'01-28-2024'),
	('insect4','CC/06/06','06','06',2,0.33646905,'01-28-2024'),
	('insect4','CC/06/07','06','07',5,0.3911035,'01-28-2024'),
	('insect4','CC/06/08','06','08',1,0.5904768,'01-28-2024'),
	('insect4','CC/06/09','06','09',3,0.22654009,'01-28-2024'),
	('insect4','CC/07/01','07','01',5,0.73799825,'01-28-2024'),
	('insect4','CC/07/02','07','02',1,0.29152894,'01-28-2024'),
	('insect4','CC/07/03','07','03',4,0.46472406,'01-28-2024'),
	('insect4','CC/07/04','07','04',1,0.48615444,'01-28-2024'),
	('insect4','CC/07/05','07','05',5,0.71455854,'01-28-2024'),
	('insect4','CC/07/06','07','06',4,0.4026413,'01-28-2024'),
	('insect4','CC/07/07','07','07',3,0.69738704,'01-28-2024'),
	('insect4','CC/07/08','07','08',4,0.3981223,'01-28-2024'),
	('insect4','CC/07/09','07','09',2,0.9848441,'01-28-2024'),
	('insect4','CC/08/01','08','01',3,0.65841836,'01-28-2024'),
	('insect4','CC/08/02','08','02',2,0.8725843,'01-28-2024'),
	('insect4','CC/08/03','08','03',3,0.46151674,'01-28-2024'),
	('insect4','CC/08/04','08','04',2,0.6575492,'01-28-2024'),
	('insect4','CC/08/05','08','05',4,0.37218863,'01-28-2024'),
	('insect4','CC/08/06','08','06',2,0.61991465,'01-28-2024'),
	('insect4','CC/08/07','08','07',5,0.37957084,'01-28-2024'),
	('insect4','CC/08/08','08','08',2,0.7229339,'01-28-2024'),
	('insect4','CC/08/09','08','09',4,0.6964949,'01-28-2024'),
	('insect4','CC/09/01','09','01',1,0.08901638,'01-28-2024'),
	('insect4','CC/09/02','09','02',5,0.19495142,'01-28-2024'),
	('insect4','CC/09/03','09','03',5,0.49448258,'01-28-2024'),
	('insect4','CC/09/04','09','04',1,0.081521034,'01-28-2024'),
	('insect4','CC/09/05','09','05',3,0.5940208,'01-28-2024'),
	('insect4','CC/09/06','09','06',4,0.19820791,'01-28-2024'),
	('insect4','CC/09/07','09','07',4,0.56257653,'01-28-2024'),
	('insect4','CC/09/08','09','08',1,0.24932379,'01-28-2024'),
	('insect4','CC/09/09','09','09',4,0.8789835,'01-28-2024');
2025-01-22 14:14:12.036 CET [27004] ERROR:  syntax error at or near ";" at character 4855
2025-01-22 14:14:12.036 CET [27004] STATEMENT:  INSERT INTO insects VALUES 
	('insect2','CC/01/01','01','01',1,0.5425986,'01-28-2024'),
	('insect2','CC/01/02','01','02',2,0.3223278,'01-28-2024'),
	('insect2','CC/01/03','01','03',4,0.42984682,'01-28-2024'),
	('insect2','CC/01/04','01','04',2,0.92577404,'01-28-2024'),
	('insect2','CC/01/05','01','05',2,0.3143987,'01-28-2024'),
	('insect2','CC/01/06','01','06',4,0.53796583,'01-28-2024'),
	('insect2','CC/01/07','01','07',3,0.71466976,'01-28-2024'),
	('insect2','CC/01/08','01','08',1,0.49409837,'01-28-2024'),
	('insect2','CC/01/09','01','09',5,0.4760121,'01-28-2024'),
	('insect2','CC/02/01','02','01',1,0.35461062,'01-28-2024'),
	('insect2','CC/02/02','02','02',1,0.035532713,'01-28-2024'),
	('insect2','CC/02/03','02','03',2,0.20642358,'01-28-2024'),
	('insect2','CC/02/04','02','04',4,0.07949346,'01-28-2024'),
	('insect2','CC/02/05','02','05',3,0.6639963,'01-28-2024'),
	('insect2','CC/02/06','02','06',2,0.43403524,'01-28-2024'),
	('insect2','CC/02/07','02','07',1,0.64602,'01-28-2024'),
	('insect2','CC/02/08','02','08',4,0.7500781,'01-28-2024'),
	('insect2','CC/02/09','02','09',1,0.10164279,'01-28-2024'),
	('insect2','CC/03/01','03','01',3,0.90526986,'01-28-2024'),
	('insect2','CC/03/02','03','02',1,0.6396463,'01-28-2024'),
	('insect2','CC/03/03','03','03',2,0.49216378,'01-28-2024'),
	('insect2','CC/03/04','03','04',2,0.4251783,'01-28-2024'),
	('insect2','CC/03/05','03','05',1,0.5629095,'01-28-2024'),
	('insect2','CC/03/06','03','06',1,0.65480244,'01-28-2024'),
	('insect2','CC/03/07','03','07',3,0.30527925,'01-28-2024'),
	('insect2','CC/03/08','03','08',3,0.508197,'01-28-2024'),
	('insect2','CC/03/09','03','09',4,0.20957428,'01-28-2024'),
	('insect2','CC/04/01','04','01',2,0.2634009,'01-28-2024'),
	('insect2','CC/04/02','04','02',4,0.8057494,'01-28-2024'),
	('insect2','CC/04/03','04','03',3,0.5147488,'01-28-2024'),
	('insect2','CC/04/04','04','04',1,0.2879703,'01-28-2024'),
	('insect2','CC/04/05','04','05',5,0.36439198,'01-28-2024'),
	('insect2','CC/04/06','04','06',5,0.46089804,'01-28-2024'),
	('insect2','CC/04/07','04','07',1,0.4884982,'01-28-2024'),
	('insect2','CC/04/08','04','08',2,0.9275532,'01-28-2024'),
	('insect2','CC/04/09','04','09',2,0.97994924,'01-28-2024'),
	('insect2','CC/05/01','05','01',1,0.36001474,'01-28-2024'),
	('insect2','CC/05/02','05','02',3,0.415788,'01-28-2024'),
	('insect2','CC/05/03','05','03',5,0.94697666,'01-28-2024'),
	('insect2','CC/05/04','05','04',4,0.21814013,'01-28-2024'),
	('insect2','CC/05/05','05','05',2,0.66994196,'01-28-2024'),
	('insect2','CC/05/06','05','06',2,0.8032879,'01-28-2024'),
	('insect2','CC/05/07','05','07',3,0.2243436,'01-28-2024'),
	('insect2','CC/05/08','05','08',2,0.42957926,'01-28-2024'),
	('insect2','CC/05/09','05','09',2,0.053023696,'01-28-2024'),
	('insect2','CC/06/01','06','01',3,0.9486025,'01-28-2024'),
	('insect2','CC/06/02','06','02',1,0.8052853,'01-28-2024'),
	('insect2','CC/06/03','06','03',1,0.6763802,'01-28-2024'),
	('insect2','CC/06/04','06','04',5,0.36128873,'01-28-2024'),
	('insect2','CC/06/05','06','05',2,0.3761595,'01-28-2024'),
	('insect2','CC/06/06','06','06',1,0.48315275,'01-28-2024'),
	('insect2','CC/06/07','06','07',5,0.3787933,'01-28-2024'),
	('insect2','CC/06/08','06','08',2,0.8631248,'01-28-2024'),
	('insect2','CC/06/09','06','09',1,0.36089462,'01-28-2024'),
	('insect2','CC/07/01','07','01',5,0.35611033,'01-28-2024'),
	('insect2','CC/07/02','07','02',2,0.40823567,'01-28-2024'),
	('insect2','CC/07/03','07','03',4,0.10733181,'01-28-2024'),
	('insect2','CC/07/04','07','04',5,0.06869364,'01-28-2024'),
	('insect2','CC/07/05','07','05',2,0.04268217,'01-28-2024'),
	('insect2','CC/07/06','07','06',2,0.9549931,'01-28-2024'),
	('insect2','CC/07/07','07','07',2,0.28432745,'01-28-2024'),
	('insect2','CC/07/08','07','08',1,0.60524803,'01-28-2024'),
	('insect2','CC/07/09','07','09',2,0.82030684,'01-28-2024'),
	('insect2','CC/08/01','08','01',5,0.21468943,'01-28-2024'),
	('insect2','CC/08/02','08','02',3,0.6054075,'01-28-2024'),
	('insect2','CC/08/03','08','03',3,0.183927,'01-28-2024'),
	('insect2','CC/08/04','08','04',1,0.94071615,'01-28-2024'),
	('insect2','CC/08/05','08','05',3,0.30969274,'01-28-2024'),
	('insect2','CC/08/06','08','06',4,0.78835046,'01-28-2024'),
	('insect2','CC/08/07','08','07',4,0.69846165,'01-28-2024'),
	('insect2','CC/08/08','08','08',1,0.7714596,'01-28-2024'),
	('insect2','CC/08/09','08','09',2,0.8899476,'01-28-2024'),
	('insect2','CC/09/01','09','01',5,0.21128511,'01-28-2024'),
	('insect2','CC/09/02','09','02',2,0.21768475,'01-28-2024'),
	('insect2','CC/09/03','09','03',5,0.21465582,'01-28-2024'),
	('insect2','CC/09/04','09','04',4,0.54229015,'01-28-2024'),
	('insect2','CC/09/05','09','05',2,0.67662424,'01-28-2024'),
	('insect2','CC/09/06','09','06',5,0.3072633,'01-28-2024'),
	('insect2','CC/09/07','09','07',3,0.06205803,'01-28-2024'),
	('insect2','CC/09/08','09','08',4,0.47812766,'01-28-2024'),
	('insect2','CC/09/09','09','09',5,0.013001323,'01-28-2024')
	,;
2025-01-22 14:14:24.602 CET [27004] ERROR:  syntax error at or near "TABLE" at character 8
2025-01-22 14:14:24.602 CET [27004] STATEMENT:  DELETE TABLE insects;
2025-01-22 14:16:34.026 CET [26624] LOG:  checkpoint starting: time
2025-01-22 14:16:35.164 CET [26624] LOG:  checkpoint complete: wrote 12 buffers (0.1%); 0 WAL file(s) added, 0 removed, 0 recycled; write=1.126 s, sync=0.003 s, total=1.139 s; sync files=12, longest=0.001 s, average=0.001 s; distance=110 kB, estimate=2005 kB; lsn=0/19E3130, redo lsn=0/19E30D8
2025-01-22 14:20:47.163 CET [27004] ERROR:  numeric field overflow
2025-01-22 14:20:47.163 CET [27004] DETAIL:  A field with precision 2, scale 2 must round to an absolute value less than 1.
2025-01-22 14:20:47.163 CET [27004] STATEMENT:  INSERT INTO insects VALUES 
	('insect1','BB/01/01','01','01',5,0.20055836,'01-28-2024'),
	('insect1','BB/01/02','01','02',5,0.5110847,'01-28-2024'),
	('insect1','BB/01/03','01','03',2,0.5561409,'01-28-2024'),
	('insect1','BB/01/04','01','04',2,0.14218098,'01-28-2024'),
	('insect1','BB/01/05','01','05',5,0.08617902,'01-28-2024'),
	('insect1','BB/01/06','01','06',8,0.52110577,'01-28-2024'),
	('insect1','BB/01/07','01','07',6,0.2705016,'01-28-2024'),
	('insect1','BB/01/08','01','08',3,0.29661322,'01-28-2024'),
	('insect1','BB/01/09','01','09',4,0.9218342,'01-28-2024'),
	('insect1','BB/02/01','02','01',3,0.89447886,'01-28-2024'),
	('insect1','BB/02/02','02','02',6,0.068688035,'01-28-2024'),
	('insect1','BB/02/03','02','03',10,0.665108,'01-28-2024'),
	('insect1','BB/02/04','02','04',8,0.37697685,'01-28-2024'),
	('insect1','BB/02/05','02','05',2,0.20830351,'01-28-2024'),
	('insect1','BB/02/06','02','06',3,0.91918814,'01-28-2024'),
	('insect1','BB/02/07','02','07',4,0.9008489,'01-28-2024'),
	('insect1','BB/02/08','02','08',1,0.1668511,'01-28-2024'),
	('insect1','BB/02/09','02','09',2,0.9773218,'01-28-2024'),
	('insect1','BB/03/01','03','01',7,0.5584401,'01-28-2024'),
	('insect1','BB/03/02','03','02',5,0.11646688,'01-28-2024'),
	('insect1','BB/03/03','03','03',7,0.10437018,'01-28-2024'),
	('insect1','BB/03/04','03','04',9,0.34598422,'01-28-2024'),
	('insect1','BB/03/05','03','05',4,0.7851321,'01-28-2024'),
	('insect1','BB/03/06','03','06',2,0.6322844,'01-28-2024'),
	('insect1','BB/03/07','03','07',3,0.10776365,'01-28-2024'),
	('insect1','BB/03/08','03','08',4,0.9063375,'01-28-2024'),
	('insect1','BB/03/09','03','09',8,0.06777114,'01-28-2024'),
	('insect1','BB/04/01','04','01',5,0.5830009,'01-28-2024'),
	('insect1','BB/04/02','04','02',4,0.9544302,'01-28-2024'),
	('insect1','BB/04/03','04','03',5,0.1531161,'01-28-2024'),
	('insect1','BB/04/04','04','04',1,0.30136442,'01-28-2024'),
	('insect1','BB/04/05','04','05',7,0.9122685,'01-28-2024'),
	('insect1','BB/04/06','04','06',6,0.7638146,'01-28-2024'),
	('insect1','BB/04/07','04','07',6,0.78761643,'01-28-2024'),
	('insect1','BB/04/08','04','08',9,0.56956863,'01-28-2024'),
	('insect1','BB/04/09','04','09',7,0.9379294,'01-28-2024'),
	('insect1','BB/05/01','05','01',4,0.29075944,'01-28-2024'),
	('insect1','BB/05/02','05','02',6,0.93837714,'01-28-2024'),
	('insect1','BB/05/03','05','03',4,0.19541848,'01-28-2024'),
	('insect1','BB/05/04','05','04',5,0.98025244,'01-28-2024'),
	('insect1','BB/05/05','05','05',5,0.11566675,'01-28-2024'),
	('insect1','BB/05/06','05','06',10,0.37938476,'01-28-2024'),
	('insect1','BB/05/07','05','07',6,0.19675297,'01-28-2024'),
	('insect1','BB/05/08','05','08',1,0.51133233,'01-28-2024'),
	('insect1','BB/05/09','05','09',9,0.7289364,'01-28-2024'),
	('insect1','BB/06/01','06','01',5,0.9954688,'01-28-2024'),
	('insect1','BB/06/02','06','02',9,0.5017177,'01-28-2024'),
	('insect1','BB/06/03','06','03',1,0.9058794,'01-28-2024'),
	('insect1','BB/06/04','06','04',4,0.32453072,'01-28-2024'),
	('insect1','BB/06/05','06','05',7,0.069746196,'01-28-2024'),
	('insect1','BB/06/06','06','06',5,0.9252276,'01-28-2024'),
	('insect1','BB/06/07','06','07',7,0.15195292,'01-28-2024'),
	('insect1','BB/06/08','06','08',4,0.84114844,'01-28-2024'),
	('insect1','BB/06/09','06','09',3,0.44941932,'01-28-2024'),
	('insect1','BB/07/01','07','01',5,0.95903313,'01-28-2024'),
	('insect1','BB/07/02','07','02',7,0.8147584,'01-28-2024'),
	('insect1','BB/07/03','07','03',4,0.41937298,'01-28-2024'),
	('insect1','BB/07/04','07','04',4,0.283929,'01-28-2024'),
	('insect1','BB/07/05','07','05',6,0.8860405,'01-28-2024'),
	('insect1','BB/07/06','07','06',4,0.13745046,'01-28-2024'),
	('insect1','BB/07/07','07','07',8,0.9792939,'01-28-2024'),
	('insect1','BB/07/08','07','08',5,0.82340664,'01-28-2024'),
	('insect1','BB/07/09','07','09',6,0.5937942,'01-28-2024'),
	('insect1','BB/08/01','08','01',5,0.4099537,'01-28-2024'),
	('insect1','BB/08/02','08','02',9,0.06548232,'01-28-2024'),
	('insect1','BB/08/03','08','03',4,0.7155679,'01-28-2024'),
	('insect1','BB/08/04','08','04',5,0.7325385,'01-28-2024'),
	('insect1','BB/08/05','08','05',9,0.64013356,'01-28-2024'),
	('insect1','BB/08/06','08','06',4,0.45483428,'01-28-2024'),
	('insect1','BB/08/07','08','07',9,0.34563255,'01-28-2024'),
	('insect1','BB/08/08','08','08',2,0.5400317,'01-28-2024'),
	('insect1','BB/08/09','08','09',9,0.12121993,'01-28-2024'),
	('insect1','BB/09/01','09','01',10,0.2776785,'01-28-2024'),
	('insect1','BB/09/02','09','02',9,0.026553392,'01-28-2024'),
	('insect1','BB/09/03','09','03',7,0.7382949,'01-28-2024'),
	('insect1','BB/09/04','09','04',3,0.70520604,'01-28-2024'),
	('insect1','BB/09/05','09','05',10,0.56367874,'01-28-2024'),
	('insect1','BB/09/06','09','06',4,0.26577973,'01-28-2024'),
	('insect1','BB/09/07','09','07',8,0.3967356,'01-28-2024'),
	('insect1','BB/09/08','09','08',3,0.46401626,'01-28-2024'),
	('insect1','BB/09/09','09','09',6,0.19144243,'01-28-2024');
2025-01-22 14:21:34.167 CET [26624] LOG:  checkpoint starting: time
2025-01-22 14:21:38.872 CET [26624] LOG:  checkpoint complete: wrote 47 buffers (0.3%); 0 WAL file(s) added, 0 removed, 0 recycled; write=4.696 s, sync=0.004 s, total=4.706 s; sync files=35, longest=0.001 s, average=0.001 s; distance=217 kB, estimate=1826 kB; lsn=0/1A1E630, redo lsn=0/1A197D8
2025-01-22 14:23:38.186 CET [27004] ERROR:  numeric field overflow
2025-01-22 14:23:38.186 CET [27004] DETAIL:  A field with precision 2, scale 2 must round to an absolute value less than 1.
2025-01-22 14:23:38.186 CET [27004] STATEMENT:  INSERT INTO insects VALUES 
	('insect1','AA/01/01','01','01',1,0.23667437,'02-28-2024'),
	('insect1','AA/01/02','01','02',4,0.15921581,'02-28-2024'),
	('insect1','AA/01/03','01','03',1,0.9022709,'02-28-2024'),
	('insect1','AA/01/04','01','04',5,0.3708778,'02-28-2024'),
	('insect1','AA/01/05','01','05',3,0.7996251,'02-28-2024'),
	('insect1','AA/01/06','01','06',1,0.15062988,'02-28-2024'),
	('insect1','AA/01/07','01','07',4,0.17760515,'02-28-2024'),
	('insect1','AA/01/08','01','08',5,0.9301448,'02-28-2024'),
	('insect1','AA/01/09','01','09',4,0.9499738,'02-28-2024'),
	('insect1','AA/02/01','02','01',1,0.98208964,'02-28-2024'),
	('insect1','AA/02/02','02','02',5,0.6882869,'02-28-2024'),
	('insect1','AA/02/03','02','03',1,0.13323689,'02-28-2024'),
	('insect1','AA/02/04','02','04',5,0.12389797,'02-28-2024'),
	('insect1','AA/02/05','02','05',3,0.96539176,'02-28-2024'),
	('insect1','AA/02/06','02','06',4,0.14817095,'02-28-2024'),
	('insect1','AA/02/07','02','07',4,0.9574865,'02-28-2024'),
	('insect1','AA/02/08','02','08',2,0.9920057,'02-28-2024'),
	('insect1','AA/02/09','02','09',4,0.21593791,'02-28-2024'),
	('insect1','AA/03/01','03','01',2,0.59529966,'02-28-2024'),
	('insect1','AA/03/02','03','02',5,0.60414016,'02-28-2024'),
	('insect1','AA/03/03','03','03',3,0.64106923,'02-28-2024'),
	('insect1','AA/03/04','03','04',4,0.90815634,'02-28-2024'),
	('insect1','AA/03/05','03','05',1,0.5278314,'02-28-2024'),
	('insect1','AA/03/06','03','06',2,0.68478554,'02-28-2024'),
	('insect1','AA/03/07','03','07',1,0.8408222,'02-28-2024'),
	('insect1','AA/03/08','03','08',2,0.22884989,'02-28-2024'),
	('insect1','AA/03/09','03','09',4,0.014148176,'02-28-2024'),
	('insect1','AA/04/01','04','01',3,0.5955285,'02-28-2024'),
	('insect1','AA/04/02','04','02',1,0.66159993,'02-28-2024'),
	('insect1','AA/04/03','04','03',2,0.32574242,'02-28-2024'),
	('insect1','AA/04/04','04','04',1,0.00629884,'02-28-2024'),
	('insect1','AA/04/05','04','05',3,0.7809747,'02-28-2024'),
	('insect1','AA/04/06','04','06',1,0.42442,'02-28-2024'),
	('insect1','AA/04/07','04','07',4,0.20962787,'02-28-2024'),
	('insect1','AA/04/08','04','08',2,0.0048801303,'02-28-2024'),
	('insect1','AA/04/09','04','09',4,0.57933265,'02-28-2024'),
	('insect1','AA/05/01','05','01',2,0.33717132,'02-28-2024'),
	('insect1','AA/05/02','05','02',4,0.1359095,'02-28-2024'),
	('insect1','AA/05/03','05','03',5,0.2986521,'02-28-2024'),
	('insect1','AA/05/04','05','04',2,0.73545927,'02-28-2024'),
	('insect1','AA/05/05','05','05',1,0.19890052,'02-28-2024'),
	('insect1','AA/05/06','05','06',1,0.46494937,'02-28-2024'),
	('insect1','AA/05/07','05','07',1,0.23363107,'02-28-2024'),
	('insect1','AA/05/08','05','08',1,0.47042894,'02-28-2024'),
	('insect1','AA/05/09','05','09',4,0.23875386,'02-28-2024'),
	('insect1','AA/06/01','06','01',1,0.38053143,'02-28-2024'),
	('insect1','AA/06/02','06','02',3,0.35409695,'02-28-2024'),
	('insect1','AA/06/03','06','03',1,0.20421404,'02-28-2024'),
	('insect1','AA/06/04','06','04',2,0.49695492,'02-28-2024'),
	('insect1','AA/06/05','06','05',2,0.13187331,'02-28-2024'),
	('insect1','AA/06/06','06','06',4,0.8018987,'02-28-2024'),
	('insect1','AA/06/07','06','07',4,0.64232284,'02-28-2024'),
	('insect1','AA/06/08','06','08',2,0.15226609,'02-28-2024'),
	('insect1','AA/06/09','06','09',3,0.65700585,'02-28-2024'),
	('insect1','AA/07/01','07','01',3,0.06063652,'02-28-2024'),
	('insect1','AA/07/02','07','02',2,0.95774823,'02-28-2024'),
	('insect1','AA/07/03','07','03',5,0.853705,'02-28-2024'),
	('insect1','AA/07/04','07','04',2,0.54397196,'02-28-2024'),
	('insect1','AA/07/05','07','05',1,0.98774314,'02-28-2024'),
	('insect1','AA/07/06','07','06',5,0.22634012,'02-28-2024'),
	('insect1','AA/07/07','07','07',1,0.42385525,'02-28-2024'),
	('insect1','AA/07/08','07','08',2,0.29117858,'02-28-2024'),
	('insect1','AA/07/09','07','09',4,0.09018469,'02-28-2024'),
	('insect1','AA/08/01','08','01',5,0.10671866,'02-28-2024'),
	('insect1','AA/08/02','08','02',1,0.26693147,'02-28-2024'),
	('insect1','AA/08/03','08','03',1,0.7393693,'02-28-2024'),
	('insect1','AA/08/04','08','04',2,0.16844493,'02-28-2024'),
	('insect1','AA/08/05','08','05',1,0.9951081,'02-28-2024'),
	('insect1','AA/08/06','08','06',3,0.43683094,'02-28-2024'),
	('insect1','AA/08/07','08','07',5,0.36506647,'02-28-2024'),
	('insect1','AA/08/08','08','08',4,0.77865165,'02-28-2024'),
	('insect1','AA/08/09','08','09',5,0.53097385,'02-28-2024'),
	('insect1','AA/09/01','09','01',1,0.5987205,'02-28-2024'),
	('insect1','AA/09/02','09','02',2,0.8489675,'02-28-2024'),
	('insect1','AA/09/03','09','03',5,0.44415188,'02-28-2024'),
	('insect1','AA/09/04','09','04',2,0.38110745,'02-28-2024'),
	('insect1','AA/09/05','09','05',2,0.05228257,'02-28-2024'),
	('insect1','AA/09/06','09','06',3,0.96265805,'02-28-2024'),
	('insect1','AA/09/07','09','07',1,0.1855343,'02-28-2024'),
	('insect1','AA/09/08','09','08',4,0.68780893,'02-28-2024'),
	('insect1','AA/09/09','09','09',3,0.5755599,'02-28-2024');
2025-01-22 14:23:58.374 CET [27004] ERROR:  numeric field overflow
2025-01-22 14:23:58.374 CET [27004] DETAIL:  A field with precision 2, scale 2 must round to an absolute value less than 1.
2025-01-22 14:23:58.374 CET [27004] STATEMENT:  INSERT INTO insects VALUES 
	('insect1','AA/01/01','01','01',4,0.8854212,'02-28-2024'),
	('insect1','AA/01/02','01','02',5,0.8602994,'02-28-2024'),
	('insect1','AA/01/03','01','03',1,0.097373605,'02-28-2024'),
	('insect1','AA/01/04','01','04',1,0.9247153,'02-28-2024'),
	('insect1','AA/01/05','01','05',1,0.85248756,'02-28-2024'),
	('insect1','AA/01/06','01','06',4,0.83462566,'02-28-2024'),
	('insect1','AA/01/07','01','07',2,0.99763715,'02-28-2024'),
	('insect1','AA/01/08','01','08',1,0.69362444,'02-28-2024'),
	('insect1','AA/01/09','01','09',3,0.47032434,'02-28-2024'),
	('insect1','AA/02/01','02','01',2,0.64677954,'02-28-2024'),
	('insect1','AA/02/02','02','02',1,0.75633526,'02-28-2024'),
	('insect1','AA/02/03','02','03',4,0.34406418,'02-28-2024'),
	('insect1','AA/02/04','02','04',5,0.041962743,'02-28-2024'),
	('insect1','AA/02/05','02','05',2,0.89306337,'02-28-2024'),
	('insect1','AA/02/06','02','06',3,0.5033132,'02-28-2024'),
	('insect1','AA/02/07','02','07',3,0.11014426,'02-28-2024'),
	('insect1','AA/02/08','02','08',5,0.71905786,'02-28-2024'),
	('insect1','AA/02/09','02','09',3,0.2190482,'02-28-2024'),
	('insect1','AA/03/01','03','01',1,0.6834246,'02-28-2024'),
	('insect1','AA/03/02','03','02',4,0.15928221,'02-28-2024'),
	('insect1','AA/03/03','03','03',2,0.6506398,'02-28-2024'),
	('insect1','AA/03/04','03','04',4,0.17894042,'02-28-2024'),
	('insect1','AA/03/05','03','05',1,0.20592993,'02-28-2024'),
	('insect1','AA/03/06','03','06',4,0.17600614,'02-28-2024'),
	('insect1','AA/03/07','03','07',4,0.7552062,'02-28-2024'),
	('insect1','AA/03/08','03','08',5,0.30020678,'02-28-2024'),
	('insect1','AA/03/09','03','09',3,0.60744935,'02-28-2024'),
	('insect1','AA/04/01','04','01',5,0.06869453,'02-28-2024'),
	('insect1','AA/04/02','04','02',2,0.12046003,'02-28-2024'),
	('insect1','AA/04/03','04','03',5,0.8208953,'02-28-2024'),
	('insect1','AA/04/04','04','04',1,0.95005804,'02-28-2024'),
	('insect1','AA/04/05','04','05',2,0.83163303,'02-28-2024'),
	('insect1','AA/04/06','04','06',5,0.32112646,'02-28-2024'),
	('insect1','AA/04/07','04','07',3,0.111035585,'02-28-2024'),
	('insect1','AA/04/08','04','08',2,0.7903704,'02-28-2024'),
	('insect1','AA/04/09','04','09',2,0.5918364,'02-28-2024'),
	('insect1','AA/05/01','05','01',4,0.13767004,'02-28-2024'),
	('insect1','AA/05/02','05','02',5,0.48969662,'02-28-2024'),
	('insect1','AA/05/03','05','03',1,0.5759669,'02-28-2024'),
	('insect1','AA/05/04','05','04',1,0.52340645,'02-28-2024'),
	('insect1','AA/05/05','05','05',1,0.25736117,'02-28-2024'),
	('insect1','AA/05/06','05','06',3,0.005725682,'02-28-2024'),
	('insect1','AA/05/07','05','07',4,0.25227416,'02-28-2024'),
	('insect1','AA/05/08','05','08',5,0.62176543,'02-28-2024'),
	('insect1','AA/05/09','05','09',2,0.5440278,'02-28-2024'),
	('insect1','AA/06/01','06','01',4,0.7628874,'02-28-2024'),
	('insect1','AA/06/02','06','02',3,0.6960195,'02-28-2024'),
	('insect1','AA/06/03','06','03',1,0.2959258,'02-28-2024'),
	('insect1','AA/06/04','06','04',4,0.37395835,'02-28-2024'),
	('insect1','AA/06/05','06','05',3,0.53906786,'02-28-2024'),
	('insect1','AA/06/06','06','06',2,0.8306349,'02-28-2024'),
	('insect1','AA/06/07','06','07',5,0.35902625,'02-28-2024'),
	('insect1','AA/06/08','06','08',1,0.3528064,'02-28-2024'),
	('insect1','AA/06/09','06','09',4,0.77440196,'02-28-2024'),
	('insect1','AA/07/01','07','01',3,0.9244975,'02-28-2024'),
	('insect1','AA/07/02','07','02',5,0.27568626,'02-28-2024'),
	('insect1','AA/07/03','07','03',5,0.45197916,'02-28-2024'),
	('insect1','AA/07/04','07','04',2,0.48463088,'02-28-2024'),
	('insect1','AA/07/05','07','05',5,0.62464786,'02-28-2024'),
	('insect1','AA/07/06','07','06',2,0.45929915,'02-28-2024'),
	('insect1','AA/07/07','07','07',3,0.23287612,'02-28-2024'),
	('insect1','AA/07/08','07','08',3,0.29368776,'02-28-2024'),
	('insect1','AA/07/09','07','09',1,0.73663765,'02-28-2024'),
	('insect1','AA/08/01','08','01',5,0.0032063127,'02-28-2024'),
	('insect1','AA/08/02','08','02',2,0.36347485,'02-28-2024'),
	('insect1','AA/08/03','08','03',1,0.57345927,'02-28-2024'),
	('insect1','AA/08/04','08','04',1,0.6254145,'02-28-2024'),
	('insect1','AA/08/05','08','05',4,0.47676432,'02-28-2024'),
	('insect1','AA/08/06','08','06',1,0.07414669,'02-28-2024'),
	('insect1','AA/08/07','08','07',2,0.6288623,'02-28-2024'),
	('insect1','AA/08/08','08','08',4,0.3826608,'02-28-2024'),
	('insect1','AA/08/09','08','09',2,0.3206365,'02-28-2024'),
	('insect1','AA/09/01','09','01',2,0.54821444,'02-28-2024'),
	('insect1','AA/09/02','09','02',5,0.9728228,'02-28-2024'),
	('insect1','AA/09/03','09','03',4,0.5827606,'02-28-2024'),
	('insect1','AA/09/04','09','04',1,0.9352128,'02-28-2024'),
	('insect1','AA/09/05','09','05',5,0.49765044,'02-28-2024'),
	('insect1','AA/09/06','09','06',1,0.99843776,'02-28-2024'),
	('insect1','AA/09/07','09','07',1,0.5325752,'02-28-2024'),
	('insect1','AA/09/08','09','08',5,0.7718798,'02-28-2024'),
	('insect1','AA/09/09','09','09',5,0.33544362,'02-28-2024');
2025-01-22 14:25:54.712 CET [27004] ERROR:  syntax error at or near "DECIMAL" at character 43
2025-01-22 14:25:54.712 CET [27004] STATEMENT:  ALTER TABLE insects ALTER COLUMN Accuracy DECIMAL(4,2);
2025-01-22 14:26:34.875 CET [26624] LOG:  checkpoint starting: time
2025-01-22 14:26:36.005 CET [26624] LOG:  checkpoint complete: wrote 12 buffers (0.1%); 0 WAL file(s) added, 0 removed, 0 recycled; write=1.121 s, sync=0.002 s, total=1.131 s; sync files=7, longest=0.001 s, average=0.001 s; distance=63 kB, estimate=1650 kB; lsn=0/1A29588, redo lsn=0/1A29530
2025-01-22 14:28:17.659 CET [27004] ERROR:  syntax error at or near "MODIFY" at character 21
2025-01-22 14:28:17.659 CET [27004] STATEMENT:  ALTER TABLE insects MODIFY COLUMN Accuracy DECIMAL(4,2);
2025-01-22 14:29:14.061 CET [27004] ERROR:  syntax error at or near "decimal" at character 43
2025-01-22 14:29:14.061 CET [27004] STATEMENT:  ALTER TABLE insects ALTER COLUMN Accuracy decimal(5,3);
2025-01-22 14:37:21.642 CET [27004] ERROR:  syntax error at or near "TABLE" at character 29
2025-01-22 14:37:21.642 CET [27004] STATEMENT:  SELECT * FROM insects
	ALTER TABLE insects ALTER COLUMN Accuracy decimal(5,5);
2025-01-22 14:37:31.509 CET [27004] ERROR:  syntax error at or near "TABLE" at character 29
2025-01-22 14:37:31.509 CET [27004] STATEMENT:  SELECT * FROM insects
	ALTER TABLE insects ALTER COLUMN Accuracy decimal(5,5);
2025-01-22 14:37:51.224 CET [27004] ERROR:  syntax error at or near "TABLE" at character 29
2025-01-22 14:37:51.224 CET [27004] STATEMENT:  SELECT * FROM insects
	ALTER TABLE insects ALTER COLUMN Accuracy decimal(5,5);
2025-01-22 14:38:12.345 CET [27004] ERROR:  syntax error at or near ";" at character 20
2025-01-22 14:38:12.345 CET [27004] STATEMENT:  ALTER TABLE insects;
2025-01-22 14:38:28.729 CET [27004] ERROR:  syntax error at or near ";" at character 42
2025-01-22 14:38:28.729 CET [27004] STATEMENT:  ALTER TABLE insects ALTER COLUMN Accuracy;
2025-01-22 14:38:39.230 CET [27004] ERROR:  syntax error at or near "decimal" at character 43
2025-01-22 14:38:39.230 CET [27004] STATEMENT:  ALTER TABLE insects ALTER COLUMN Accuracy decimal(2,2);
2025-01-22 14:38:51.637 CET [27004] ERROR:  syntax error at or near "Decimal" at character 43
2025-01-22 14:38:51.637 CET [27004] STATEMENT:  ALTER TABLE insects ALTER COLUMN Accuracy Decimal(2,2);
2025-01-22 14:41:17.393 CET [27004] ERROR:  syntax error at or near "CREATE" at character 20
2025-01-22 14:41:17.393 CET [27004] STATEMENT:  DROP TABLE insects
	CREATE TABLE insects(
	InsectType varchar(255),
	CardID varchar(10),
	Location1 varchar(10),
	Location2 varchar(10),
	Count INT,
	Accuracy DECIMAL(5,2),
	Date DATE,
	primary key (InsectType, CardID, Date));
2025-01-22 14:42:48.694 CET [27004] ERROR:  syntax error at or near "CREATE" at character 20
2025-01-22 14:42:48.694 CET [27004] STATEMENT:  DROP TABLE insects
	CREATE TABLE insects(
	InsectType varchar(255),
	CardID varchar(10),
	Location1 varchar(10),
	Location2 varchar(10),
	Count INT,
	Accuracy DECIMAL(5,2),
	Date DATE,
	primary key (InsectType, CardID, Date));
2025-01-22 14:46:34.014 CET [26624] LOG:  checkpoint starting: time
2025-01-22 14:46:38.509 CET [26624] LOG:  checkpoint complete: wrote 45 buffers (0.3%); 0 WAL file(s) added, 0 removed, 0 recycled; write=4.485 s, sync=0.004 s, total=4.496 s; sync files=31, longest=0.001 s, average=0.001 s; distance=251 kB, estimate=1510 kB; lsn=0/1A6D5F8, redo lsn=0/1A68298
2025-01-22 14:51:34.497 CET [26624] LOG:  checkpoint starting: time
2025-01-22 14:51:36.536 CET [26624] LOG:  checkpoint complete: wrote 21 buffers (0.1%); 0 WAL file(s) added, 0 removed, 0 recycled; write=2.032 s, sync=0.002 s, total=2.039 s; sync files=8, longest=0.001 s, average=0.001 s; distance=145 kB, estimate=1373 kB; lsn=0/1A8C958, redo lsn=0/1A8C8C8
2025-01-22 14:57:33.022 CET [31209] ERROR:  syntax error at or near "$" at character 128
2025-01-22 14:57:33.022 CET [31209] STATEMENT:  SELECT location1 AS location1, location2 AS location2, sum(count) AS "SUM(count)" 
	FROM public.insects 
	WHERE ((LEFT(cardid,2)=$value)) GROUP BY location1, location2 ORDER BY location1 ASC, location2 ASC 
	 LIMIT 10000
2025-01-23 09:47:01.395 CET [32554] ERROR:  argument of WHERE must be type boolean, not type text at character 113
2025-01-23 09:47:01.395 CET [32554] STATEMENT:  SELECT location1 AS location1, location2 AS location2, sum(count) AS "SUM(count)" 
	FROM public.insects 
	WHERE ((LEFT(cardid,2))) GROUP BY location1, location2 ORDER BY location1 ASC, location2 ASC 
	 LIMIT 10000
2025-01-23 09:53:37.611 CET [26624] LOG:  checkpoint starting: time
2025-01-23 09:53:38.029 CET [26624] LOG:  checkpoint complete: wrote 5 buffers (0.0%); 0 WAL file(s) added, 0 removed, 0 recycled; write=0.410 s, sync=0.002 s, total=0.418 s; sync files=5, longest=0.001 s, average=0.001 s; distance=15 kB, estimate=1238 kB; lsn=0/1A908A0, redo lsn=0/1A90848
2025-01-23 09:58:37.039 CET [26624] LOG:  checkpoint starting: time
2025-01-23 09:58:41.318 CET [26624] LOG:  checkpoint complete: wrote 43 buffers (0.3%); 0 WAL file(s) added, 0 removed, 0 recycled; write=4.270 s, sync=0.003 s, total=4.279 s; sync files=11, longest=0.001 s, average=0.001 s; distance=402 kB, estimate=1154 kB; lsn=0/1AF5378, redo lsn=0/1AF52E8
